New log file opened at Thu Dec 15 17:27:08 GMT 2016 by 6022@Rominas-MBP
Dropping message TaskStarted(152,25301,Some(AttributeKey[scala.collection.Seq[java.io.File]]("sources") in Scope(Build: file:/Users/rominaliuzzi/play/uuid-manager/, , Project: ProjectReference(file:/Users/rominaliuzzi/play/uuid-manager/,root), Config: web-assets, Task: AttributeKey[scala.collection.Seq[java.io.File]]("coffeescript")))) to dead client play-fork-run-714d2446-cc61-4be7-b8ff-0783dccf8509
Dropping message TaskFinished(152,25288,Some(AttributeKey[scala.collection.Seq[java.io.File]]("sources") in Scope(Build: file:/Users/rominaliuzzi/play/uuid-manager/, , Project: ProjectReference(file:/Users/rominaliuzzi/play/uuid-manager/,root), Config: web-assets, Task: AttributeKey[scala.collection.Seq[java.io.File]]("jshint"))),true,None) to dead client play-fork-run-714d2446-cc61-4be7-b8ff-0783dccf8509
Dropping message TaskStarted(152,25283,None) to dead client play-fork-run-714d2446-cc61-4be7-b8ff-0783dccf8509
Dropping message TaskFinished(152,25312,Some(AttributeKey[scala.collection.Seq[java.io.File]]("sources") in Scope(Build: file:/Users/rominaliuzzi/play/uuid-manager/, , Project: ProjectReference(file:/Users/rominaliuzzi/play/uuid-manager/,root), Config: web-assets, Task: AttributeKey[scala.collection.Seq[java.io.File]]("less"))),true,None) to dead client play-fork-run-714d2446-cc61-4be7-b8ff-0783dccf8509
Dropping message TaskStarted(152,25306,None) to dead client play-fork-run-714d2446-cc61-4be7-b8ff-0783dccf8509
Dropping message TaskFinished(152,25301,Some(AttributeKey[scala.collection.Seq[java.io.File]]("sources") in Scope(Build: file:/Users/rominaliuzzi/play/uuid-manager/, , Project: ProjectReference(file:/Users/rominaliuzzi/play/uuid-manager/,root), Config: web-assets, Task: AttributeKey[scala.collection.Seq[java.io.File]]("coffeescript"))),true,None) to dead client play-fork-run-714d2446-cc61-4be7-b8ff-0783dccf8509
Dropping message TaskStarted(152,25295,None) to dead client play-fork-run-714d2446-cc61-4be7-b8ff-0783dccf8509
Dropping message TaskFinished(152,25306,None,true,None) to dead client play-fork-run-714d2446-cc61-4be7-b8ff-0783dccf8509
Dropping message TaskFinished(152,25276,None,true,None) to dead client play-fork-run-714d2446-cc61-4be7-b8ff-0783dccf8509
Dropping message TaskStarted(152,25275,Some(AttributeKey[scala.collection.Seq[java.io.File]]("less") in Scope(Build: file:/Users/rominaliuzzi/play/uuid-manager/, , Project: ProjectReference(file:/Users/rominaliuzzi/play/uuid-manager/,root), Config: web-assets))) to dead client play-fork-run-714d2446-cc61-4be7-b8ff-0783dccf8509
Dropping message TaskFinished(152,25283,None,true,None) to dead client play-fork-run-714d2446-cc61-4be7-b8ff-0783dccf8509
Dropping message TaskFinished(152,25245,None,true,None) to dead client play-fork-run-714d2446-cc61-4be7-b8ff-0783dccf8509
Dropping message TaskLogEvent(25295,LogMessage(info,Read from stdout: CoffeeScript compiling on 1 source(s))) to dead client play-fork-run-714d2446-cc61-4be7-b8ff-0783dccf8509
Dropping message TaskLogEvent(25295,LogMessage(info,CoffeeScript compiling on 1 source(s))) to dead client play-fork-run-714d2446-cc61-4be7-b8ff-0783dccf8509
Dropping message TaskStarted(152,25244,Some(AttributeKey[scala.collection.Seq[java.io.File]]("jshint") in Scope(Build: file:/Users/rominaliuzzi/play/uuid-manager/, , Project: ProjectReference(file:/Users/rominaliuzzi/play/uuid-manager/,root), Config: web-assets))) to dead client play-fork-run-714d2446-cc61-4be7-b8ff-0783dccf8509
Dropping message BackgroundJobLogEvent(12,LogMessage(info,CoffeeScript compiling on 1 source(s))) to dead client play-fork-run-714d2446-cc61-4be7-b8ff-0783dccf8509
Dropping message TaskFinished(152,25275,Some(AttributeKey[scala.collection.Seq[java.io.File]]("less") in Scope(Build: file:/Users/rominaliuzzi/play/uuid-manager/, , Project: ProjectReference(file:/Users/rominaliuzzi/play/uuid-manager/,root), Config: web-assets)),true,None) to dead client play-fork-run-714d2446-cc61-4be7-b8ff-0783dccf8509
Dropping message TaskFinished(152,25254,None,true,None) to dead client play-fork-run-714d2446-cc61-4be7-b8ff-0783dccf8509
Dropping message TaskStarted(152,25253,Some(AttributeKey[scala.collection.Seq[java.io.File]]("less") in Scope(Build: file:/Users/rominaliuzzi/play/uuid-manager/, , Project: ProjectReference(file:/Users/rominaliuzzi/play/uuid-manager/,root), Config: web-assets))) to dead client play-fork-run-714d2446-cc61-4be7-b8ff-0783dccf8509
Dropping message TaskFinished(152,25244,Some(AttributeKey[scala.collection.Seq[java.io.File]]("jshint") in Scope(Build: file:/Users/rominaliuzzi/play/uuid-manager/, , Project: ProjectReference(file:/Users/rominaliuzzi/play/uuid-manager/,root), Config: web-assets)),true,None) to dead client play-fork-run-714d2446-cc61-4be7-b8ff-0783dccf8509
Dropping message TaskFinished(152,25253,Some(AttributeKey[scala.collection.Seq[java.io.File]]("less") in Scope(Build: file:/Users/rominaliuzzi/play/uuid-manager/, , Project: ProjectReference(file:/Users/rominaliuzzi/play/uuid-manager/,root), Config: web-assets)),true,None) to dead client play-fork-run-714d2446-cc61-4be7-b8ff-0783dccf8509
Dropping message TaskFinished(152,25295,None,true,None) to dead client play-fork-run-714d2446-cc61-4be7-b8ff-0783dccf8509
Dropping message TaskFinished(152,25274,None,true,None) to dead client play-fork-run-714d2446-cc61-4be7-b8ff-0783dccf8509
Dropping message TaskStarted(152,25273,Some(AttributeKey[scala.collection.Seq[java.io.File]]("coffeescript") in Scope(Build: file:/Users/rominaliuzzi/play/uuid-manager/, , Project: ProjectReference(file:/Users/rominaliuzzi/play/uuid-manager/,root), Config: web-assets))) to dead client play-fork-run-714d2446-cc61-4be7-b8ff-0783dccf8509
Dropping message TaskFinished(152,25273,Some(AttributeKey[scala.collection.Seq[java.io.File]]("coffeescript") in Scope(Build: file:/Users/rominaliuzzi/play/uuid-manager/, , Project: ProjectReference(file:/Users/rominaliuzzi/play/uuid-manager/,root), Config: web-assets)),true,None) to dead client play-fork-run-714d2446-cc61-4be7-b8ff-0783dccf8509
Dropping message TaskFinished(152,25252,None,true,None) to dead client play-fork-run-714d2446-cc61-4be7-b8ff-0783dccf8509
Dropping message TaskStarted(152,25251,Some(AttributeKey[scala.collection.Seq[java.io.File]]("coffeescript") in Scope(Build: file:/Users/rominaliuzzi/play/uuid-manager/, , Project: ProjectReference(file:/Users/rominaliuzzi/play/uuid-manager/,root), Config: web-assets))) to dead client play-fork-run-714d2446-cc61-4be7-b8ff-0783dccf8509
Dropping message TaskFinished(152,25251,Some(AttributeKey[scala.collection.Seq[java.io.File]]("coffeescript") in Scope(Build: file:/Users/rominaliuzzi/play/uuid-manager/, , Project: ProjectReference(file:/Users/rominaliuzzi/play/uuid-manager/,root), Config: web-assets)),true,None) to dead client play-fork-run-714d2446-cc61-4be7-b8ff-0783dccf8509
Dropping message TaskStarted(152,25236,None) to dead client play-fork-run-714d2446-cc61-4be7-b8ff-0783dccf8509
Dropping message TaskFinished(152,25236,None,true,None) to dead client play-fork-run-714d2446-cc61-4be7-b8ff-0783dccf8509
Dropping message TaskStarted(152,25235,None) to dead client play-fork-run-714d2446-cc61-4be7-b8ff-0783dccf8509
Dropping message TaskFinished(152,25235,None,true,None) to dead client play-fork-run-714d2446-cc61-4be7-b8ff-0783dccf8509
Dropping message TaskStarted(152,25234,Some(AttributeKey[scala.collection.Seq[java.io.File]]("managedResources") in Scope(Build: file:/Users/rominaliuzzi/play/uuid-manager/, , Project: ProjectReference(file:/Users/rominaliuzzi/play/uuid-manager/,root), Config: web-assets))) to dead client play-fork-run-714d2446-cc61-4be7-b8ff-0783dccf8509
Dropping message TaskFinished(152,25234,Some(AttributeKey[scala.collection.Seq[java.io.File]]("managedResources") in Scope(Build: file:/Users/rominaliuzzi/play/uuid-manager/, , Project: ProjectReference(file:/Users/rominaliuzzi/play/uuid-manager/,root), Config: web-assets)),true,None) to dead client play-fork-run-714d2446-cc61-4be7-b8ff-0783dccf8509
Dropping message TaskStarted(152,25233,Some(AttributeKey[scala.collection.Seq[java.io.File]]("resources") in Scope(Build: file:/Users/rominaliuzzi/play/uuid-manager/, , Project: ProjectReference(file:/Users/rominaliuzzi/play/uuid-manager/,root), Config: web-assets))) to dead client play-fork-run-714d2446-cc61-4be7-b8ff-0783dccf8509
Dropping message TaskFinished(152,25233,Some(AttributeKey[scala.collection.Seq[java.io.File]]("resources") in Scope(Build: file:/Users/rominaliuzzi/play/uuid-manager/, , Project: ProjectReference(file:/Users/rominaliuzzi/play/uuid-manager/,root), Config: web-assets)),true,None) to dead client play-fork-run-714d2446-cc61-4be7-b8ff-0783dccf8509
Dropping message TaskStarted(152,25232,Some(AttributeKey[scala.collection.Seq[scala.Tuple2[java.io.File,java.lang.String]]]("mappings") in Scope(Build: file:/Users/rominaliuzzi/play/uuid-manager/, , Project: ProjectReference(file:/Users/rominaliuzzi/play/uuid-manager/,root), Config: web-assets, Task: AttributeKey[scala.collection.Seq[java.io.File]]("resources")))) to dead client play-fork-run-714d2446-cc61-4be7-b8ff-0783dccf8509
Dropping message TaskFinished(152,25232,Some(AttributeKey[scala.collection.Seq[scala.Tuple2[java.io.File,java.lang.String]]]("mappings") in Scope(Build: file:/Users/rominaliuzzi/play/uuid-manager/, , Project: ProjectReference(file:/Users/rominaliuzzi/play/uuid-manager/,root), Config: web-assets, Task: AttributeKey[scala.collection.Seq[java.io.File]]("resources"))),true,None) to dead client play-fork-run-714d2446-cc61-4be7-b8ff-0783dccf8509
Dropping message TaskStarted(152,25231,Some(AttributeKey[scala.collection.Seq[scala.Tuple2[java.io.File,java.lang.String]]]("mappings") in Scope(Build: file:/Users/rominaliuzzi/play/uuid-manager/, , Project: ProjectReference(file:/Users/rominaliuzzi/play/uuid-manager/,root), Config: web-assets))) to dead client play-fork-run-714d2446-cc61-4be7-b8ff-0783dccf8509
Dropping message TaskFinished(152,25231,Some(AttributeKey[scala.collection.Seq[scala.Tuple2[java.io.File,java.lang.String]]]("mappings") in Scope(Build: file:/Users/rominaliuzzi/play/uuid-manager/, , Project: ProjectReference(file:/Users/rominaliuzzi/play/uuid-manager/,root), Config: web-assets)),true,None) to dead client play-fork-run-714d2446-cc61-4be7-b8ff-0783dccf8509
Dropping message TaskStarted(152,25228,Some(AttributeKey[scala.collection.Seq[scala.Tuple2[java.io.File,java.lang.String]]]("mappings") in Scope(Build: file:/Users/rominaliuzzi/play/uuid-manager/, , Project: ProjectReference(file:/Users/rominaliuzzi/play/uuid-manager/,root), Config: web-assets))) to dead client play-fork-run-714d2446-cc61-4be7-b8ff-0783dccf8509
Dropping message TaskFinished(152,25228,Some(AttributeKey[scala.collection.Seq[scala.Tuple2[java.io.File,java.lang.String]]]("mappings") in Scope(Build: file:/Users/rominaliuzzi/play/uuid-manager/, , Project: ProjectReference(file:/Users/rominaliuzzi/play/uuid-manager/,root), Config: web-assets)),true,None) to dead client play-fork-run-714d2446-cc61-4be7-b8ff-0783dccf8509
Dropping message TaskStarted(152,25226,Some(AttributeKey[scala.collection.Seq[scala.Tuple2[java.io.File,java.lang.String]]]("mappings") in Scope(Build: file:/Users/rominaliuzzi/play/uuid-manager/, , Project: ProjectReference(file:/Users/rominaliuzzi/play/uuid-manager/,root), Config: web-assets))) to dead client play-fork-run-714d2446-cc61-4be7-b8ff-0783dccf8509
Dropping message TaskFinished(152,25226,Some(AttributeKey[scala.collection.Seq[scala.Tuple2[java.io.File,java.lang.String]]]("mappings") in Scope(Build: file:/Users/rominaliuzzi/play/uuid-manager/, , Project: ProjectReference(file:/Users/rominaliuzzi/play/uuid-manager/,root), Config: web-assets)),true,None) to dead client play-fork-run-714d2446-cc61-4be7-b8ff-0783dccf8509
Dropping message TaskStarted(152,25225,Some(AttributeKey[scala.collection.Seq[scala.Tuple2[java.io.File,java.lang.String]]]("webExportedMappings") in Scope(Build: file:/Users/rominaliuzzi/play/uuid-manager/, , Project: ProjectReference(file:/Users/rominaliuzzi/play/uuid-manager/,root), Config: web-assets))) to dead client play-fork-run-714d2446-cc61-4be7-b8ff-0783dccf8509
Dropping message TaskStarted(152,25281,Some(AttributeKey[java.io.File]("assets") in Scope(Build: file:/Users/rominaliuzzi/play/uuid-manager/, , Project: ProjectReference(file:/Users/rominaliuzzi/play/uuid-manager/,root), Config: web-assets))) to dead client play-fork-run-714d2446-cc61-4be7-b8ff-0783dccf8509
Dropping message TaskFinished(152,25225,Some(AttributeKey[scala.collection.Seq[scala.Tuple2[java.io.File,java.lang.String]]]("webExportedMappings") in Scope(Build: file:/Users/rominaliuzzi/play/uuid-manager/, , Project: ProjectReference(file:/Users/rominaliuzzi/play/uuid-manager/,root), Config: web-assets)),true,None) to dead client play-fork-run-714d2446-cc61-4be7-b8ff-0783dccf8509
Dropping message TaskStarted(152,25223,Some(AttributeKey[java.io.File]("webExportedDirectory") in Scope(Build: file:/Users/rominaliuzzi/play/uuid-manager/, , Project: ProjectReference(file:/Users/rominaliuzzi/play/uuid-manager/,root), Config: web-assets))) to dead client play-fork-run-714d2446-cc61-4be7-b8ff-0783dccf8509
Dropping message TaskFinished(152,25281,Some(AttributeKey[java.io.File]("assets") in Scope(Build: file:/Users/rominaliuzzi/play/uuid-manager/, , Project: ProjectReference(file:/Users/rominaliuzzi/play/uuid-manager/,root), Config: web-assets)),true,None) to dead client play-fork-run-714d2446-cc61-4be7-b8ff-0783dccf8509
Dropping message TaskStarted(152,25280,None) to dead client play-fork-run-714d2446-cc61-4be7-b8ff-0783dccf8509
Dropping message TaskFinished(152,25280,None,true,None) to dead client play-fork-run-714d2446-cc61-4be7-b8ff-0783dccf8509
Dropping message TaskStarted(152,25279,Some(AttributeKey[sbt.inc.Analysis]("playAssetsWithCompilation") in Scope(Build: file:/Users/rominaliuzzi/play/uuid-manager/, , Project: ProjectReference(file:/Users/rominaliuzzi/play/uuid-manager/,root)))) to dead client play-fork-run-714d2446-cc61-4be7-b8ff-0783dccf8509
Dropping message TaskFinished(152,25279,Some(AttributeKey[sbt.inc.Analysis]("playAssetsWithCompilation") in Scope(Build: file:/Users/rominaliuzzi/play/uuid-manager/, , Project: ProjectReference(file:/Users/rominaliuzzi/play/uuid-manager/,root))),true,None) to dead client play-fork-run-714d2446-cc61-4be7-b8ff-0783dccf8509
Dropping message TaskStarted(152,25278,None) to dead client play-fork-run-714d2446-cc61-4be7-b8ff-0783dccf8509
Dropping message TaskFinished(152,25278,None,true,None) to dead client play-fork-run-714d2446-cc61-4be7-b8ff-0783dccf8509
Dropping message TaskFinished(152,25201,None,true,None) to dead client play-fork-run-714d2446-cc61-4be7-b8ff-0783dccf8509
Dropping message TaskStarted(152,25200,None) to dead client play-fork-run-714d2446-cc61-4be7-b8ff-0783dccf8509
Dropping message TaskFinished(152,25200,None,true,None) to dead client play-fork-run-714d2446-cc61-4be7-b8ff-0783dccf8509
Dropping message TaskFinished(152,25175,Some(AttributeKey[scala.collection.Seq[sbt.inc.Analysis]]("playCompileEverything") in Scope(Build: file:/Users/rominaliuzzi/play/uuid-manager/, , Project: ProjectReference(file:/Users/rominaliuzzi/play/uuid-manager/,root))),true,None) to dead client play-fork-run-714d2446-cc61-4be7-b8ff-0783dccf8509
Dropping message TaskStarted(152,25174,Some(AttributeKey[sbt.inc.Analysis]("playReload") in Scope(Build: file:/Users/rominaliuzzi/play/uuid-manager/, , Project: ProjectReference(file:/Users/rominaliuzzi/play/uuid-manager/,root)))) to dead client play-fork-run-714d2446-cc61-4be7-b8ff-0783dccf8509
Dropping message TaskFinished(152,25174,Some(AttributeKey[sbt.inc.Analysis]("playReload") in Scope(Build: file:/Users/rominaliuzzi/play/uuid-manager/, , Project: ProjectReference(file:/Users/rominaliuzzi/play/uuid-manager/,root))),true,None) to dead client play-fork-run-714d2446-cc61-4be7-b8ff-0783dccf8509
Dropping message TaskStarted(152,25173,None) to dead client play-fork-run-714d2446-cc61-4be7-b8ff-0783dccf8509
Dropping message TaskFinished(152,25173,None,true,None) to dead client play-fork-run-714d2446-cc61-4be7-b8ff-0783dccf8509
Dropping message TaskFinished(152,25223,Some(AttributeKey[java.io.File]("webExportedDirectory") in Scope(Build: file:/Users/rominaliuzzi/play/uuid-manager/, , Project: ProjectReference(file:/Users/rominaliuzzi/play/uuid-manager/,root), Config: web-assets)),true,None) to dead client play-fork-run-714d2446-cc61-4be7-b8ff-0783dccf8509
Dropping message TaskStarted(152,25222,Some(AttributeKey[scala.collection.Seq[sbt.Attributed[java.io.File]]]("exportedProducts") in Scope(Build: file:/Users/rominaliuzzi/play/uuid-manager/, , Project: ProjectReference(file:/Users/rominaliuzzi/play/uuid-manager/,root), Config: web-assets))) to dead client play-fork-run-714d2446-cc61-4be7-b8ff-0783dccf8509
Dropping message TaskFinished(152,25222,Some(AttributeKey[scala.collection.Seq[sbt.Attributed[java.io.File]]]("exportedProducts") in Scope(Build: file:/Users/rominaliuzzi/play/uuid-manager/, , Project: ProjectReference(file:/Users/rominaliuzzi/play/uuid-manager/,root), Config: web-assets)),true,None) to dead client play-fork-run-714d2446-cc61-4be7-b8ff-0783dccf8509
Dropping message TaskFinished(152,25215,None,true,None) to dead client play-fork-run-714d2446-cc61-4be7-b8ff-0783dccf8509
Dropping message TaskStarted(152,25214,None) to dead client play-fork-run-714d2446-cc61-4be7-b8ff-0783dccf8509
Dropping message TaskFinished(152,25214,None,true,None) to dead client play-fork-run-714d2446-cc61-4be7-b8ff-0783dccf8509
Dropping message TaskStarted(152,25213,Some(AttributeKey[scala.collection.Seq[sbt.Attributed[java.io.File]]]("exportedProducts") in Scope(Build: file:/Users/rominaliuzzi/play/uuid-manager/, , Project: ProjectReference(file:/Users/rominaliuzzi/play/uuid-manager/,root), Config: compile))) to dead client play-fork-run-714d2446-cc61-4be7-b8ff-0783dccf8509
Dropping message TaskFinished(152,25213,Some(AttributeKey[scala.collection.Seq[sbt.Attributed[java.io.File]]]("exportedProducts") in Scope(Build: file:/Users/rominaliuzzi/play/uuid-manager/, , Project: ProjectReference(file:/Users/rominaliuzzi/play/uuid-manager/,root), Config: compile)),true,None) to dead client play-fork-run-714d2446-cc61-4be7-b8ff-0783dccf8509
Dropping message TaskStarted(152,25211,None) to dead client play-fork-run-714d2446-cc61-4be7-b8ff-0783dccf8509
Dropping message TaskFinished(152,25211,None,true,None) to dead client play-fork-run-714d2446-cc61-4be7-b8ff-0783dccf8509
Dropping message TaskStarted(152,25210,None) to dead client play-fork-run-714d2446-cc61-4be7-b8ff-0783dccf8509
Dropping message TaskFinished(152,25210,None,true,None) to dead client play-fork-run-714d2446-cc61-4be7-b8ff-0783dccf8509
Dropping message TaskFinished(152,25169,None,true,None) to dead client play-fork-run-714d2446-cc61-4be7-b8ff-0783dccf8509
Dropping message TaskStarted(152,25168,Some(AttributeKey[scala.collection.Seq[sbt.Attributed[java.io.File]]]("internalDependencyClasspath") in Scope(Build: file:/Users/rominaliuzzi/play/uuid-manager/, , Project: ProjectReference(file:/Users/rominaliuzzi/play/uuid-manager/,root), Config: runtime))) to dead client play-fork-run-714d2446-cc61-4be7-b8ff-0783dccf8509
Dropping message TaskFinished(152,25168,Some(AttributeKey[scala.collection.Seq[sbt.Attributed[java.io.File]]]("internalDependencyClasspath") in Scope(Build: file:/Users/rominaliuzzi/play/uuid-manager/, , Project: ProjectReference(file:/Users/rominaliuzzi/play/uuid-manager/,root), Config: runtime)),true,None) to dead client play-fork-run-714d2446-cc61-4be7-b8ff-0783dccf8509
Dropping message TaskStarted(152,25056,Some(AttributeKey[scala.collection.Seq[sbt.Attributed[java.io.File]]]("playReloaderClasspath") in Scope(Build: file:/Users/rominaliuzzi/play/uuid-manager/, , Project: ProjectReference(file:/Users/rominaliuzzi/play/uuid-manager/,root)))) to dead client play-fork-run-714d2446-cc61-4be7-b8ff-0783dccf8509
Dropping message TaskFinished(152,25056,Some(AttributeKey[scala.collection.Seq[sbt.Attributed[java.io.File]]]("playReloaderClasspath") in Scope(Build: file:/Users/rominaliuzzi/play/uuid-manager/, , Project: ProjectReference(file:/Users/rominaliuzzi/play/uuid-manager/,root))),true,None) to dead client play-fork-run-714d2446-cc61-4be7-b8ff-0783dccf8509
Dropping message TaskStarted(152,25055,Some(AttributeKey[scala.collection.Seq[sbt.Attributed[java.io.File]]]("playReloaderClasspath") in Scope(Build: file:/Users/rominaliuzzi/play/uuid-manager/, , Project: ProjectReference(file:/Users/rominaliuzzi/play/uuid-manager/,root)))) to dead client play-fork-run-714d2446-cc61-4be7-b8ff-0783dccf8509
Dropping message TaskFinished(152,25055,Some(AttributeKey[scala.collection.Seq[sbt.Attributed[java.io.File]]]("playReloaderClasspath") in Scope(Build: file:/Users/rominaliuzzi/play/uuid-manager/, , Project: ProjectReference(file:/Users/rominaliuzzi/play/uuid-manager/,root))),true,None) to dead client play-fork-run-714d2446-cc61-4be7-b8ff-0783dccf8509
Dropping message TaskStarted(152,25054,None) to dead client play-fork-run-714d2446-cc61-4be7-b8ff-0783dccf8509
Dropping message TaskFinished(152,25054,None,true,None) to dead client play-fork-run-714d2446-cc61-4be7-b8ff-0783dccf8509
Dropping message TaskStarted(152,25053,Some(AttributeKey[play.runsupport.Reloader$CompileResult]("playForkReload") in Scope(Build: file:/Users/rominaliuzzi/play/uuid-manager/, , Project: ProjectReference(file:/Users/rominaliuzzi/play/uuid-manager/,root)))) to dead client play-fork-run-714d2446-cc61-4be7-b8ff-0783dccf8509
Dropping message TaskFinished(152,25053,Some(AttributeKey[play.runsupport.Reloader$CompileResult]("playForkReload") in Scope(Build: file:/Users/rominaliuzzi/play/uuid-manager/, , Project: ProjectReference(file:/Users/rominaliuzzi/play/uuid-manager/,root))),true,None) to dead client play-fork-run-714d2446-cc61-4be7-b8ff-0783dccf8509
Dropping message TaskStarted(152,25052,None) to dead client play-fork-run-714d2446-cc61-4be7-b8ff-0783dccf8509
Dropping message TaskFinished(152,25052,None,true,None) to dead client play-fork-run-714d2446-cc61-4be7-b8ff-0783dccf8509
Dropping message TaskStarted(152,25051,None) to dead client play-fork-run-714d2446-cc61-4be7-b8ff-0783dccf8509
Dropping message TaskFinished(152,25051,None,true,None) to dead client play-fork-run-714d2446-cc61-4be7-b8ff-0783dccf8509
Dropping message DetachedLogEvent(LogMessage(debug,cancel strategy finish enabled=false lastCommand=Some(LastCommand(CommandExecutionWork(ExecutionId(152),{file:/Users/rominaliuzzi/play/uuid-manager/}root/*:playForkReload,Set(LiveClient(play-fork-run 6f0041eb-8700-4380-8af0-55bf9b30d546)),sbt.server.WorkCancellationStatus$$anon$1@3e0e7427))))) to dead client play-fork-run-714d2446-cc61-4be7-b8ff-0783dccf8509
Dropping message DetachedLogEvent(LogSuccess(Total time: 1 s, completed 15-Dec-2016 17:27:08)) to dead client play-fork-run-714d2446-cc61-4be7-b8ff-0783dccf8509
Dropping message DetachedLogEvent(LogMessage(debug,> server-post-command-cleanup)) to dead client play-fork-run-714d2446-cc61-4be7-b8ff-0783dccf8509
Dropping message ExecutionSuccess(152) to dead client play-fork-run-714d2446-cc61-4be7-b8ff-0783dccf8509
Dropping message DetachedLogEvent(LogMessage(debug,> server-handle-next-server-request)) to dead client play-fork-run-714d2446-cc61-4be7-b8ff-0783dccf8509
Dropping message BackgroundJobLogEvent(12,LogMessage(info,khkadsadkhsadjkhsakdhsahgjahKSHAKJHDKJGHASDHJ	test)) to dead client play-fork-run-714d2446-cc61-4be7-b8ff-0783dccf8509
Dropping message BackgroundJobLogEvent(12,LogMessage(info,kjhadhsdjJKHSDKJSHDJKHajh	test2)) to dead client play-fork-run-714d2446-cc61-4be7-b8ff-0783dccf8509
Dropping message BackgroundJobLogEvent(12,LogMessage(info,[{"id":"1","name":"test","uuid":"khkadsadkhsadjkhsakdhsahgjahKSHAKJHDKJGHASDHJ"},{"id":"2","name":"test2","uuid":"kjhadhsdjJKHSDKJSHDJKHajh"}])) to dead client play-fork-run-714d2446-cc61-4be7-b8ff-0783dccf8509
